2022-06-03 13:26:37.413744: I tensorflow/core/util/util.cc:169] oneDNN custom operations are on. You may see slightly different numerical results due to floating-point round-off errors from different computation orders. To turn them off, set the environment variable `TF_ENABLE_ONEDNN_OPTS=0`.
WARNING:tensorflow:From /home/rio-hada/workspace/nasbowlb/nasbench/api.py:146: tf_record_iterator (from tensorflow.python.lib.io.tf_record) is deprecated and will be removed in a future version.
Instructions for updating:
Use eager execution and: 
`tf.data.TFRecordDataset(path)`
/home/rio-hada/workspace/nasbowlb/bayesopt/utils.py:131: UserWarning: torch.cholesky is deprecated in favor of torch.linalg.cholesky and will be removed in a future PyTorch release.
L = torch.cholesky(A)
should be replaced with
L = torch.linalg.cholesky(A)
and
U = torch.cholesky(A, upper=True)
should be replaced with
U = torch.linalg.cholesky(A).mH().
This transform will produce equivalent results for all valid (symmetric positive definite) inputs. (Triggered internally at  ../aten/src/ATen/native/BatchLinearAlgebra.cpp:1337.)
  Kc = torch.cholesky(K_)
/export/home/rio-hada/workspace/nasbowlb/venv/lib/python3.7/site-packages/torch/autograd/__init__.py:175: UserWarning: Using backward() with create_graph=True will create a reference cycle between the parameter and its gradient which can cause a memory leak. We recommend using autograd.grad when creating the graph to avoid this. If you have to use this function, make sure to reset the .grad fields of your parameters to None after use to break the cycle and avoid the leak. (Triggered internally at  ../torch/csrc/autograd/engine.cpp:985.)
  allow_unreachable=True, accumulate_grad=True)  # Calls into the C++ engine to run the backward pass
Traceback (most recent call last):
  File "nasbench_optimisation.py", line 192, in <module>
    next_x, eis, indices = a.propose_location(top_n=args.batch_size, candidates=pool)
  File "/home/rio-hada/workspace/nasbowlb/bayesopt/acquisitions.py", line 105, in propose_location
    eis_, unique_idx = np.unique(eis, return_index=True)
  File "<__array_function__ internals>", line 6, in unique
  File "/export/home/rio-hada/workspace/nasbowlb/venv/lib/python3.7/site-packages/numpy/lib/arraysetops.py", line 270, in unique
    ar = np.asanyarray(ar)
  File "/export/home/rio-hada/workspace/nasbowlb/venv/lib/python3.7/site-packages/torch/_tensor.py", line 732, in __array__
    return self.numpy()
RuntimeError: Can't call numpy() on Tensor that requires grad. Use tensor.detach().numpy() instead.
