2022-06-10 15:02:10.972062: I tensorflow/core/util/util.cc:169] oneDNN custom operations are on. You may see slightly different numerical results due to floating-point round-off errors from different computation orders. To turn them off, set the environment variable `TF_ENABLE_ONEDNN_OPTS=0`.
/home/rio-hada/workspace/nasbowlb/benchmarks/nas101.py:126: FutureWarning: adjacency_matrix will return a scipy.sparse array instead of a matrix in Networkx 3.0.
  adjacency_matrix = np.array(nx.adjacency_matrix(G).todense())
/home/rio-hada/workspace/nasbowlb/bayesopt/utils.py:134: UserWarning: torch.cholesky is deprecated in favor of torch.linalg.cholesky and will be removed in a future PyTorch release.
L = torch.cholesky(A)
should be replaced with
L = torch.linalg.cholesky(A)
and
U = torch.cholesky(A, upper=True)
should be replaced with
U = torch.linalg.cholesky(A).mH().
This transform will produce equivalent results for all valid (symmetric positive definite) inputs. (Triggered internally at  ../aten/src/ATen/native/BatchLinearAlgebra.cpp:1337.)
  Kc = torch.cholesky(K_)
/export/home/rio-hada/workspace/nasbowlb/venv/lib/python3.9/site-packages/torch/autograd/__init__.py:173: UserWarning: Using backward() with create_graph=True will create a reference cycle between the parameter and its gradient which can cause a memory leak. We recommend using autograd.grad when creating the graph to avoid this. If you have to use this function, make sure to reset the .grad fields of your parameters to None after use to break the cycle and avoid the leak. (Triggered internally at  ../torch/csrc/autograd/engine.cpp:985.)
  Variable._execution_engine.run_backward(  # Calls into the C++ engine to run the backward pass
/home/rio-hada/workspace/nasbowlb/bayesopt/generate_test_graphs.py:437: FutureWarning: adjacency_matrix will return a scipy.sparse array instead of a matrix in Networkx 3.0.
  new_matrix = np.array(nx.adjacency_matrix(arch).todense())
/home/rio-hada/workspace/nasbowlb/bayesopt/generate_test_graphs.py:490: FutureWarning: adjacency_matrix will return a scipy.sparse array instead of a matrix in Networkx 3.0.
  if np.sum(np.array(nx.adjacency_matrix(child.arch).todense())) > MAX_EDGES:
/home/rio-hada/workspace/nasbowlb/benchmarks/nas101.py:126: FutureWarning: adjacency_matrix will return a scipy.sparse array instead of a matrix in Networkx 3.0.
  adjacency_matrix = np.array(nx.adjacency_matrix(G).todense())
