2022-06-03 11:49:49.369745: I tensorflow/core/util/util.cc:169] oneDNN custom operations are on. You may see slightly different numerical results due to floating-point round-off errors from different computation orders. To turn them off, set the environment variable `TF_ENABLE_ONEDNN_OPTS=0`.
Traceback (most recent call last):
  File "nasbench_optimisation.py", line 11, in <module>
    from benchmarks import NAS101Cifar10, NAS201
  File "/home/rio-hada/workspace/nasbowlb/benchmarks/__init__.py", line 7, in <module>
    from .nas101 import NAS101Cifar10
  File "/home/rio-hada/workspace/nasbowlb/benchmarks/nas101.py", line 6, in <module>
    from nasbench import api
  File "/home/rio-hada/workspace/nasbowlb/nasbench/api.py", line 98, in <module>
    from nasbench.lib import evaluate
  File "/home/rio-hada/workspace/nasbowlb/nasbench/lib/evaluate.py", line 23, in <module>
    from nasbench.lib import cifar
  File "/home/rio-hada/workspace/nasbowlb/nasbench/lib/cifar.py", line 26, in <module>
    import tensorflow as tf
  File "/export/home/rio-hada/workspace/nasbowlb/venv/lib/python3.7/site-packages/tensorflow/__init__.py", line 37, in <module>
    from tensorflow.python.tools import module_util as _module_util
  File "/export/home/rio-hada/workspace/nasbowlb/venv/lib/python3.7/site-packages/tensorflow/python/__init__.py", line 37, in <module>
    from tensorflow.python.eager import context
  File "/export/home/rio-hada/workspace/nasbowlb/venv/lib/python3.7/site-packages/tensorflow/python/eager/context.py", line 29, in <module>
    from tensorflow.core.framework import function_pb2
  File "/export/home/rio-hada/workspace/nasbowlb/venv/lib/python3.7/site-packages/tensorflow/core/framework/function_pb2.py", line 16, in <module>
    from tensorflow.core.framework import attr_value_pb2 as tensorflow_dot_core_dot_framework_dot_attr__value__pb2
  File "/export/home/rio-hada/workspace/nasbowlb/venv/lib/python3.7/site-packages/tensorflow/core/framework/attr_value_pb2.py", line 16, in <module>
    from tensorflow.core.framework import tensor_pb2 as tensorflow_dot_core_dot_framework_dot_tensor__pb2
  File "/export/home/rio-hada/workspace/nasbowlb/venv/lib/python3.7/site-packages/tensorflow/core/framework/tensor_pb2.py", line 16, in <module>
    from tensorflow.core.framework import resource_handle_pb2 as tensorflow_dot_core_dot_framework_dot_resource__handle__pb2
  File "/export/home/rio-hada/workspace/nasbowlb/venv/lib/python3.7/site-packages/tensorflow/core/framework/resource_handle_pb2.py", line 16, in <module>
    from tensorflow.core.framework import tensor_shape_pb2 as tensorflow_dot_core_dot_framework_dot_tensor__shape__pb2
  File "/export/home/rio-hada/workspace/nasbowlb/venv/lib/python3.7/site-packages/tensorflow/core/framework/tensor_shape_pb2.py", line 42, in <module>
    serialized_options=None, file=DESCRIPTOR),
  File "/export/home/rio-hada/workspace/nasbowlb/venv/lib/python3.7/site-packages/google/protobuf/descriptor.py", line 560, in __new__
    _message.Message._CheckCalledFromGeneratedFile()
TypeError: Descriptors cannot not be created directly.
If this call came from a _pb2.py file, your generated code is out of date and must be regenerated with protoc >= 3.19.0.
If you cannot immediately regenerate your protos, some other possible workarounds are:
 1. Downgrade the protobuf package to 3.20.x or lower.
 2. Set PROTOCOL_BUFFERS_PYTHON_IMPLEMENTATION=python (but this will use pure-Python parsing and will be much slower).

More information: https://developers.google.com/protocol-buffers/docs/news/2022-05-06#python-updates
