/export/home/rio-hada/workspace/nasbowlb/venv/lib/python3.7/site-packages/sklearn/externals/joblib/__init__.py:15: DeprecationWarning: sklearn.externals.joblib is deprecated in 0.21 and will be removed in 0.23. Please import this functionality directly from joblib, which can be installed with: pip install joblib. If this warning is raised when loading pickled models, you may need to re-serialize those models with scikit-learn 0.21+.
  warnings.warn(msg, category=DeprecationWarning)
Traceback (most recent call last):
  File "/export/home/rio-hada/workspace/nasbowlb/venv/lib/python3.7/site-packages/tensorflow/python/pywrap_tensorflow.py", line 58, in <module>
    from tensorflow.python.pywrap_tensorflow_internal import *
  File "/export/home/rio-hada/workspace/nasbowlb/venv/lib/python3.7/site-packages/tensorflow/python/pywrap_tensorflow_internal.py", line 28, in <module>
    _pywrap_tensorflow_internal = swig_import_helper()
  File "/export/home/rio-hada/workspace/nasbowlb/venv/lib/python3.7/site-packages/tensorflow/python/pywrap_tensorflow_internal.py", line 24, in swig_import_helper
    _mod = imp.load_module('_pywrap_tensorflow_internal', fp, pathname, description)
  File "/home/rio-hada/local/Python-3.7.12/lib/python3.7/imp.py", line 242, in load_module
    return load_dynamic(name, filename, file)
  File "/home/rio-hada/local/Python-3.7.12/lib/python3.7/imp.py", line 342, in load_dynamic
    return _load(spec)
ImportError: /lib64/libm.so.6: version `GLIBC_2.23' not found (required by /export/home/rio-hada/workspace/nasbowlb/venv/lib/python3.7/site-packages/tensorflow/python/_pywrap_tensorflow_internal.so)

During handling of the above exception, another exception occurred:

Traceback (most recent call last):
  File "nasbench_optimisation.py", line 11, in <module>
    from benchmarks import NAS101Cifar10, NAS201
  File "/home/rio-hada/workspace/nasbowlb/benchmarks/__init__.py", line 7, in <module>
    from .nas101 import NAS101Cifar10
  File "/home/rio-hada/workspace/nasbowlb/benchmarks/nas101.py", line 6, in <module>
    from nasbench import api
  File "/home/rio-hada/workspace/nasbowlb/nasbench/api.py", line 98, in <module>
    from nasbench.lib import evaluate
  File "/home/rio-hada/workspace/nasbowlb/nasbench/lib/evaluate.py", line 23, in <module>
    from nasbench.lib import cifar
  File "/home/rio-hada/workspace/nasbowlb/nasbench/lib/cifar.py", line 26, in <module>
    import tensorflow as tf
  File "/export/home/rio-hada/workspace/nasbowlb/venv/lib/python3.7/site-packages/tensorflow/__init__.py", line 28, in <module>
    from tensorflow.python import pywrap_tensorflow  # pylint: disable=unused-import
  File "/export/home/rio-hada/workspace/nasbowlb/venv/lib/python3.7/site-packages/tensorflow/python/__init__.py", line 49, in <module>
    from tensorflow.python import pywrap_tensorflow
  File "/export/home/rio-hada/workspace/nasbowlb/venv/lib/python3.7/site-packages/tensorflow/python/pywrap_tensorflow.py", line 74, in <module>
    raise ImportError(msg)
ImportError: Traceback (most recent call last):
  File "/export/home/rio-hada/workspace/nasbowlb/venv/lib/python3.7/site-packages/tensorflow/python/pywrap_tensorflow.py", line 58, in <module>
    from tensorflow.python.pywrap_tensorflow_internal import *
  File "/export/home/rio-hada/workspace/nasbowlb/venv/lib/python3.7/site-packages/tensorflow/python/pywrap_tensorflow_internal.py", line 28, in <module>
    _pywrap_tensorflow_internal = swig_import_helper()
  File "/export/home/rio-hada/workspace/nasbowlb/venv/lib/python3.7/site-packages/tensorflow/python/pywrap_tensorflow_internal.py", line 24, in swig_import_helper
    _mod = imp.load_module('_pywrap_tensorflow_internal', fp, pathname, description)
  File "/home/rio-hada/local/Python-3.7.12/lib/python3.7/imp.py", line 242, in load_module
    return load_dynamic(name, filename, file)
  File "/home/rio-hada/local/Python-3.7.12/lib/python3.7/imp.py", line 342, in load_dynamic
    return _load(spec)
ImportError: /lib64/libm.so.6: version `GLIBC_2.23' not found (required by /export/home/rio-hada/workspace/nasbowlb/venv/lib/python3.7/site-packages/tensorflow/python/_pywrap_tensorflow_internal.so)


Failed to load the native TensorFlow runtime.

See https://www.tensorflow.org/install/errors

for some common reasons and solutions.  Include the entire stack trace
above this error message when asking for help.
